#
# There is insufficient memory for the Java Runtime Environment to continue.
# Native memory allocation (malloc) failed to allocate 1048576 bytes for AllocateHeap
# Possible reasons:
#   The system is out of physical RAM or swap space
#   In 32 bit mode, the process size limit was hit
# Possible solutions:
#   Reduce memory load on the system
#   Increase physical memory or swap space
#   Check if swap backing store is full
#   Use 64 bit Java on a 64 bit OS
#   Decrease Java heap size (-Xmx/-Xms)
#   Decrease number of Java threads
#   Decrease Java thread stack sizes (-Xss)
#   Set larger code cache with -XX:ReservedCodeCacheSize=
# This output file may be truncated or incomplete.
#
#  Out of Memory Error (memory/allocation.inline.hpp:62), pid=12940, tid=31156
#
# JRE version:  (8.0_20-b26) (build )
# Java VM: Java HotSpot(TM) 64-Bit Server VM (25.20-b23 mixed mode windows-amd64 compressed oops)
# Failed to write core dump. Minidumps are not enabled by default on client versions of Windows
#

---------------  T H R E A D  ---------------

Current thread (0x0000000002e76000):  JavaThread "Unknown thread" [_thread_in_vm, id=31156, stack(0x0000000002d70000,0x0000000002e70000)]

Stack: [0x0000000002d70000,0x0000000002e70000]
Native frames: (J=compiled Java code, j=interpreted, Vv=VM code, C=native code)
V  [jvm.dll+0x3152fa]
V  [jvm.dll+0x265d03]
V  [jvm.dll+0x266943]
V  [jvm.dll+0x25e265]
V  [jvm.dll+0x3ddc3f]
V  [jvm.dll+0x3de73f]
V  [jvm.dll+0x3de854]
V  [jvm.dll+0x3dea23]
V  [jvm.dll+0xe4472]
V  [jvm.dll+0x1f8a09]
V  [jvm.dll+0x229fc4]
V  [jvm.dll+0x14c6f1]
C  [javaw.exe+0x20c6]
C  [javaw.exe+0xc9eb]
C  [javaw.exe+0xca7f]
C  [KERNEL32.DLL+0x17374]
C  [ntdll.dll+0x4cc91]


---------------  P R O C E S S  ---------------

Java Threads: ( => current thread )

Other Threads:

=>0x0000000002e76000 (exited) JavaThread "Unknown thread" [_thread_in_vm, id=31156, stack(0x0000000002d70000,0x0000000002e70000)]

VM state:not at safepoint (normal execution)

VM Mutex/Monitor currently owned by a thread: None

Heap:
 PSYoungGen      total 57344K, used 983K [0x0000000780900000, 0x0000000784900000, 0x00000007c0000000)
  eden space 49152K, 2% used [0x0000000780900000,0x00000007809f5c38,0x0000000783900000)
  from space 8192K, 0% used [0x0000000784100000,0x0000000784100000,0x0000000784900000)
  to   space 8192K, 0% used [0x0000000783900000,0x0000000783900000,0x0000000784100000)
 ParOldGen       total 131072K, used 0K [0x0000000701a00000, 0x0000000709a00000, 0x0000000780900000)
  object space 131072K, 0% used [0x0000000701a00000,0x0000000701a00000,0x0000000709a00000)
 Metaspace       used 674K, capacity 4480K, committed 4480K, reserved 1056768K
  class space    used 66K, capacity 384K, committed 384K, reserved 1048576K

Card table byte_map: [0x0000000012330000,0x0000000012930000] byte_map_base: 0x000000000eb23000

Marking Bits: (ParMarkBitMap*) 0x000000005b1cb460
 Begin Bits: [0x0000000013130000, 0x00000000160c8000)
 End Bits:   [0x00000000160c8000, 0x0000000019060000)

Polling page: 0x0000000001270000

CodeCache: size=245760Kb used=327Kb max_used=327Kb free=245432Kb
 bounds [0x0000000002f70000, 0x00000000031e0000, 0x0000000011f70000]
 total_blobs=56 nmethods=0 adapters=37
 compilation: enabled

Compilation events (0 events):
No events

GC Heap History (0 events):
No events

Deoptimization events (0 events):
No events

Internal exceptions (0 events):
No events

Events (10 events):
Event: 0.038 loading class java/lang/Short
Event: 0.038 loading class java/lang/Short done
Event: 0.038 loading class java/lang/Integer
Event: 0.039 loading class java/lang/Integer done
Event: 0.039 loading class java/lang/Long
Event: 0.039 loading class java/lang/Long done
Event: 0.039 loading class java/lang/NullPointerException
Event: 0.039 loading class java/lang/NullPointerException done
Event: 0.039 loading class java/lang/ArithmeticException
Event: 0.039 loading class java/lang/ArithmeticException done


Dynamic libraries:
0x00007ff6afc50000 - 0x00007ff6afc84000 	C:\Program Files\Java\jdk1.8.0_20\bin\javaw.exe
0x00007ffc25050000 - 0x00007ffc25248000 	C:\Windows\SYSTEM32\ntdll.dll
0x00007ffc239a0000 - 0x00007ffc23a62000 	C:\Windows\System32\KERNEL32.DLL
0x00007ffc22b70000 - 0x00007ffc22e6e000 	C:\Windows\System32\KERNELBASE.dll
0x00007ffc24c20000 - 0x00007ffc24cd1000 	C:\Windows\System32\ADVAPI32.dll
0x00007ffc24d40000 - 0x00007ffc24dde000 	C:\Windows\System32\msvcrt.dll
0x00007ffc23a70000 - 0x00007ffc23b0f000 	C:\Windows\System32\sechost.dll
0x00007ffc233e0000 - 0x00007ffc23503000 	C:\Windows\System32\RPCRT4.dll
0x00007ffc22890000 - 0x00007ffc228b7000 	C:\Windows\System32\bcrypt.dll
0x00007ffc24350000 - 0x00007ffc244ed000 	C:\Windows\System32\USER32.dll
0x00007ffc229e0000 - 0x00007ffc22a02000 	C:\Windows\System32\win32u.dll
0x00007ffc24fe0000 - 0x00007ffc2500b000 	C:\Windows\System32\GDI32.dll
0x00007ffc228c0000 - 0x00007ffc229d7000 	C:\Windows\System32\gdi32full.dll
0x00007ffc227f0000 - 0x00007ffc2288d000 	C:\Windows\System32\msvcp_win.dll
0x00007ffc22f70000 - 0x00007ffc23070000 	C:\Windows\System32\ucrtbase.dll
0x00007ffc09880000 - 0x00007ffc09b1a000 	C:\Windows\WinSxS\amd64_microsoft.windows.common-controls_6595b64144ccf1df_6.0.19041.4355_none_60b8b9eb71f62e16\COMCTL32.dll
0x00007ffc24b60000 - 0x00007ffc24b8f000 	C:\Windows\System32\IMM32.DLL
0x000000005b250000 - 0x000000005b322000 	C:\Program Files\Java\jdk1.8.0_20\jre\bin\msvcr100.dll
0x000000005a9f0000 - 0x000000005b248000 	C:\Program Files\Java\jdk1.8.0_20\jre\bin\server\jvm.dll
0x00007ffc24b90000 - 0x00007ffc24b98000 	C:\Windows\System32\PSAPI.DLL
0x00007ffc19d10000 - 0x00007ffc19d19000 	C:\Windows\SYSTEM32\WSOCK32.dll
0x00007ffc09370000 - 0x00007ffc09397000 	C:\Windows\SYSTEM32\WINMM.dll
0x00007ffc24790000 - 0x00007ffc247fb000 	C:\Windows\System32\WS2_32.dll
0x000000005a9e0000 - 0x000000005a9ef000 	C:\Program Files\Java\jdk1.8.0_20\jre\bin\verify.dll
0x000000005a9b0000 - 0x000000005a9d8000 	C:\Program Files\Java\jdk1.8.0_20\jre\bin\java.dll
0x000000005a990000 - 0x000000005a9a6000 	C:\Program Files\Java\jdk1.8.0_20\jre\bin\zip.dll
0x00007ffc19e00000 - 0x00007ffc19fe4000 	C:\Windows\SYSTEM32\dbghelp.dll
0x00007ffc226f0000 - 0x00007ffc22772000 	C:\Windows\System32\bcryptPrimitives.dll

VM Arguments:
jvm_args: -Dfile.encoding=UTF-8 
java_command: annotation.D
java_class_path (initial): C:\Users\mayank.nehra\Testingclass\9_June\Mproject\target\test-classes;C:\Users\mayank.nehra\Testingclass\9_June\Mproject\target\classes;C:\Users\mayank.nehra\.m2\repository\org\testng\testng\6.8.13\testng-6.8.13.jar;C:\Users\mayank.nehra\.m2\repository\org\beanshell\bsh\2.0b4\bsh-2.0b4.jar;C:\Users\mayank.nehra\.m2\repository\com\beust\jcommander\1.27\jcommander-1.27.jar;C:\Users\mayank.nehra\.m2\repository\org\seleniumhq\selenium\selenium-java\4.9.1\selenium-java-4.9.1.jar;C:\Users\mayank.nehra\.m2\repository\org\seleniumhq\selenium\selenium-api\4.9.1\selenium-api-4.9.1.jar;C:\Users\mayank.nehra\.m2\repository\org\seleniumhq\selenium\selenium-chrome-driver\4.9.1\selenium-chrome-driver-4.9.1.jar;C:\Users\mayank.nehra\.m2\repository\com\google\auto\service\auto-service-annotations\1.0.1\auto-service-annotations-1.0.1.jar;C:\Users\mayank.nehra\.m2\repository\com\google\auto\service\auto-service\1.0.1\auto-service-1.0.1.jar;C:\Users\mayank.nehra\.m2\repository\com\google\auto\auto-common\1.2\auto-common-1.2.jar;C:\Users\mayank.nehra\.m2\repository\com\google\guava\guava\31.1-jre\guava-31.1-jre.jar;C:\Users\mayank.nehra\.m2\repository\com\google\guava\failureaccess\1.0.1\failureaccess-1.0.1.jar;C:\Users\mayank.nehra\.m2\repository\com\google\guava\listenablefuture\9999.0-empty-to-avoid-conflict-with-guava\listenablefuture-9999.0-empty-to-avoid-conflict-with-guava.jar;C:\Users\mayank.nehra\.m2\repository\com\google\code\findbugs\jsr305\3.0.2\jsr305-3.0.2.jar;C:\Users\mayank.nehra\.m2\repository\org\checkerframework\checker-qual\3.12.0\checker-qual-3.12.0.jar;C:\Users\mayank.nehra\.m2\repository\com\google\j2objc\j2objc-annotations\1.3\j2objc-annotations-1.3.jar;C:\Users\mayank.nehra\.m2\repository\org\seleniumhq\selenium\selenium-chromium-driver\4.9.1\selenium-chromium-driver-4.9.1.jar;C:\Users\mayank.nehra\.m2\repository\org\seleniumhq\selenium\selenium-json\4.9.1\selenium-json-4.9.1.jar;C:\Users\mayank.nehra\.m2\repository\org\seleniumhq\s
Launcher Type: SUN_STANDARD

Environment Variables:
JAVA_HOME=C:\Program Files\Java\jdk-17
PATH=C:/Users/mayank.nehra/Downloads/jdk1.8.0_191/bin/../jre/bin/server;C:/Users/mayank.nehra/Downloads/jdk1.8.0_191/bin/../jre/bin;C:/Users/mayank.nehra/Downloads/jdk1.8.0_191/bin/../jre/lib/amd64;C:\Users\mayank.nehra\Downloads\jdk1.8.0_191\bin;C:\Program Files\Java\jdk-22\bin;C:\Program Files\Java\jdk1.8.0_20;C:\Windows\system32;C:\Windows;C:\Windows\System32\Wbem;C:\Windows\System32\WindowsPowerShell\v1.0\;C:\Windows\System32\OpenSSH\;C:\Program Files\PuTTY\;C:\Program Files\nodejs\;C:\ProgramData\chocolatey\bin;C:\Users\mayank.nehra\Downloads\allure-2.32.0\bin;C:\Program Files (x86)\Kaspersky Lab\KES.12.1.0\;C:\Users\mayank.nehra\AppData\Local\Microsoft\WindowsApps;C:\Program Files\JetBrains\IntelliJ IDEA Community Edition 2023.2\bin;;C:\Users\mayank.nehra\AppData\Local\Programs\Git\cmd;C:\Users\mayank.nehra\Downloads\eclipse;
USERNAME=mayank.nehra
OS=Windows_NT
PROCESSOR_IDENTIFIER=Intel64 Family 6 Model 142 Stepping 9, GenuineIntel



---------------  S Y S T E M  ---------------

OS: Windows 8.1 , 64 bit Build 9600 

CPU:total 4 (2 cores per cpu, 2 threads per core) family 6 model 142 stepping 9, cmov, cx8, fxsr, mmx, sse, sse2, sse3, ssse3, sse4.1, sse4.2, popcnt, avx, avx2, aes, clmul, erms, lzcnt, ht, tsc, tscinvbit, bmi1, bmi2

Memory: 4k page, physical 12471512k(3080180k free), swap 44885308k(4796k free)

vm_info: Java HotSpot(TM) 64-Bit Server VM (25.20-b23) for windows-amd64 JRE (1.8.0_20-b26), built on Jul 30 2014 13:51:23 by "java_re" with MS VC++ 10.0 (VS2010)

time: Wed Apr 16 11:04:52 2025
elapsed time: 0 seconds (0d 0h 0m 0s)

